# JRE version: Java(TM) SE Runtime Environment (8.0_111-b14) (build 1.8.0_111-b14)
# Java VM: Java HotSpot(TM) 64-Bit Server VM (25.111-b14 mixed mode windows-amd64 compressed oops)
Heap:
 PSYoungGen      total 138240K, used 71724K [0x00000000eb980000, 0x00000000f4f80000, 0x0000000100000000)
  eden space 131072K, 54% used [0x00000000eb980000,0x00000000eff8b058,0x00000000f3980000)
  from space 7168K, 0% used [0x00000000f4080000,0x00000000f4080000,0x00000000f4780000)
  to   space 7168K, 0% used [0x00000000f3980000,0x00000000f3980000,0x00000000f4080000)
 ParOldGen       total 46080K, used 14215K [0x00000000c2c00000, 0x00000000c5900000, 0x00000000eb980000)
  object space 46080K, 30% used [0x00000000c2c00000,0x00000000c39e1f68,0x00000000c5900000)
 Metaspace       used 40400K, capacity 42740K, committed 42920K, reserved 1087488K
  class space    used 5395K, capacity 5792K, committed 5800K, reserved 1048576K
GC Heap History (10 events):
Event: 15.671 GC heap before
{Heap before GC invocations=10 (full 1):
 PSYoungGen      total 68096K, used 3814K [0x00000000eb980000, 0x00000000f2580000, 0x0000000100000000)
  eden space 61952K, 0% used [0x00000000eb980000,0x00000000eb980000,0x00000000ef600000)
  from space 6144K, 62% used [0x00000000ef600000,0x00000000ef9b9a00,0x00000000efc00000)
  to   space 5632K, 0% used [0x00000000f2000000,0x00000000f2000000,0x00000000f2580000)
 ParOldGen       total 42496K, used 8016K [0x00000000c2c00000, 0x00000000c5580000, 0x00000000eb980000)
  object space 42496K, 18% used [0x00000000c2c00000,0x00000000c33d4390,0x00000000c5580000)
 Metaspace       used 20295K, capacity 21178K, committed 21296K, reserved 1069056K
  class space    used 2523K, capacity 2727K, committed 2816K, reserved 1048576K
Event: 15.731 GC heap after
Heap after GC invocations=10 (full 1):
 PSYoungGen      total 68096K, used 0K [0x00000000eb980000, 0x00000000f2580000, 0x0000000100000000)
  eden space 61952K, 0% used [0x00000000eb980000,0x00000000eb980000,0x00000000ef600000)
  from space 6144K, 0% used [0x00000000ef600000,0x00000000ef600000,0x00000000efc00000)
  to   space 5632K, 0% used [0x00000000f2000000,0x00000000f2000000,0x00000000f2580000)
 ParOldGen       total 30720K, used 8760K [0x00000000c2c00000, 0x00000000c4a00000, 0x00000000eb980000)
  object space 30720K, 28% used [0x00000000c2c00000,0x00000000c348e0b8,0x00000000c4a00000)
 Metaspace       used 20295K, capacity 21178K, committed 21296K, reserved 1069056K
  class space    used 2523K, capacity 2727K, committed 2816K, reserved 1048576K
}
Event: 18.413 GC heap before
{Heap before GC invocations=11 (full 1):
 PSYoungGen      total 68096K, used 61952K [0x00000000eb980000, 0x00000000f2580000, 0x0000000100000000)
  eden space 61952K, 100% used [0x00000000eb980000,0x00000000ef600000,0x00000000ef600000)
  from space 6144K, 0% used [0x00000000ef600000,0x00000000ef600000,0x00000000efc00000)
  to   space 5632K, 0% used [0x00000000f2000000,0x00000000f2000000,0x00000000f2580000)
 ParOldGen       total 30720K, used 8760K [0x00000000c2c00000, 0x00000000c4a00000, 0x00000000eb980000)
  object space 30720K, 28% used [0x00000000c2c00000,0x00000000c348e0b8,0x00000000c4a00000)
 Metaspace       used 24937K, capacity 26302K, committed 26624K, reserved 1073152K
  class space    used 3199K, capacity 3481K, committed 3584K, reserved 1048576K
Event: 18.428 GC heap after
Heap after GC invocations=11 (full 1):
 PSYoungGen      total 96768K, used 5606K [0x00000000eb980000, 0x00000000f2580000, 0x0000000100000000)
  eden space 91136K, 0% used [0x00000000eb980000,0x00000000eb980000,0x00000000f1280000)
  from space 5632K, 99% used [0x00000000f2000000,0x00000000f2579960,0x00000000f2580000)
  to   space 6656K, 0% used [0x00000000f1880000,0x00000000f1880000,0x00000000f1f00000)
 ParOldGen       total 30720K, used 9823K [0x00000000c2c00000, 0x00000000c4a00000, 0x00000000eb980000)
  object space 30720K, 31% used [0x00000000c2c00000,0x00000000c3597ee0,0x00000000c4a00000)
 Metaspace       used 24937K, capacity 26302K, committed 26624K, reserved 1073152K
  class space    used 3199K, capacity 3481K, committed 3584K, reserved 1048576K
}
Event: 26.459 GC heap before
{Heap before GC invocations=12 (full 1):
 PSYoungGen      total 96768K, used 96742K [0x00000000eb980000, 0x00000000f2580000, 0x0000000100000000)
  eden space 91136K, 100% used [0x00000000eb980000,0x00000000f1280000,0x00000000f1280000)
  from space 5632K, 99% used [0x00000000f2000000,0x00000000f2579960,0x00000000f2580000)
  to   space 6656K, 0% used [0x00000000f1880000,0x00000000f1880000,0x00000000f1f00000)
 ParOldGen       total 30720K, used 9823K [0x00000000c2c00000, 0x00000000c4a00000, 0x00000000eb980000)
  object space 30720K, 31% used [0x00000000c2c00000,0x00000000c3597ee0,0x00000000c4a00000)
 Metaspace       used 29675K, capacity 31526K, committed 31616K, reserved 1077248K
  class space    used 3831K, capacity 4177K, committed 4224K, reserved 1048576K
Event: 26.473 GC heap after
Heap after GC invocations=12 (full 1):
 PSYoungGen      total 103936K, used 5408K [0x00000000eb980000, 0x00000000f4780000, 0x0000000100000000)
  eden space 97280K, 0% used [0x00000000eb980000,0x00000000eb980000,0x00000000f1880000)
  from space 6656K, 81% used [0x00000000f1880000,0x00000000f1dc8368,0x00000000f1f00000)
  to   space 7168K, 0% used [0x00000000f4080000,0x00000000f4080000,0x00000000f4780000)
 ParOldGen       total 30720K, used 12379K [0x00000000c2c00000, 0x00000000c4a00000, 0x00000000eb980000)
  object space 30720K, 40% used [0x00000000c2c00000,0x00000000c3816f30,0x00000000c4a00000)
 Metaspace       used 29675K, capacity 31526K, committed 31616K, reserved 1077248K
  class space    used 3831K, capacity 4177K, committed 4224K, reserved 1048576K
}
Event: 28.275 GC heap before
{Heap before GC invocations=13 (full 1):
 PSYoungGen      total 103936K, used 46793K [0x00000000eb980000, 0x00000000f4780000, 0x0000000100000000)
  eden space 97280K, 42% used [0x00000000eb980000,0x00000000ee1ea120,0x00000000f1880000)
  from space 6656K, 81% used [0x00000000f1880000,0x00000000f1dc8368,0x00000000f1f00000)
  to   space 7168K, 0% used [0x00000000f4080000,0x00000000f4080000,0x00000000f4780000)
 ParOldGen       total 30720K, used 12379K [0x00000000c2c00000, 0x00000000c4a00000, 0x00000000eb980000)
  object space 30720K, 40% used [0x00000000c2c00000,0x00000000c3816f30,0x00000000c4a00000)
 Metaspace       used 33434K, capacity 35442K, committed 35496K, reserved 1079296K
  class space    used 4389K, capacity 4741K, committed 4776K, reserved 1048576K
Event: 28.291 GC heap after
Heap after GC invocations=13 (full 1):
 PSYoungGen      total 138240K, used 4834K [0x00000000eb980000, 0x00000000f4f80000, 0x0000000100000000)
  eden space 131072K, 0% used [0x00000000eb980000,0x00000000eb980000,0x00000000f3980000)
  from space 7168K, 67% used [0x00000000f4080000,0x00000000f4538960,0x00000000f4780000)
  to   space 7168K, 0% used [0x00000000f3980000,0x00000000f3980000,0x00000000f4080000)
 ParOldGen       total 30720K, used 14657K [0x00000000c2c00000, 0x00000000c4a00000, 0x00000000eb980000)
  object space 30720K, 47% used [0x00000000c2c00000,0x00000000c3a50650,0x00000000c4a00000)
 Metaspace       used 33434K, capacity 35442K, committed 35496K, reserved 1079296K
  class space    used 4389K, capacity 4741K, committed 4776K, reserved 1048576K
}
Event: 28.291 GC heap before
{Heap before GC invocations=14 (full 2):
 PSYoungGen      total 138240K, used 4834K [0x00000000eb980000, 0x00000000f4f80000, 0x0000000100000000)
  eden space 131072K, 0% used [0x00000000eb980000,0x00000000eb980000,0x00000000f3980000)
  from space 7168K, 67% used [0x00000000f4080000,0x00000000f4538960,0x00000000f4780000)
  to   space 7168K, 0% used [0x00000000f3980000,0x00000000f3980000,0x00000000f4080000)
 ParOldGen       total 30720K, used 14657K [0x00000000c2c00000, 0x00000000c4a00000, 0x00000000eb980000)
  object space 30720K, 47% used [0x00000000c2c00000,0x00000000c3a50650,0x00000000c4a00000)
 Metaspace       used 33434K, capacity 35442K, committed 35496K, reserved 1079296K
  class space    used 4389K, capacity 4741K, committed 4776K, reserved 1048576K
Event: 28.445 GC heap after
Heap after GC invocations=14 (full 2):
 PSYoungGen      total 138240K, used 0K [0x00000000eb980000, 0x00000000f4f80000, 0x0000000100000000)
  eden space 131072K, 0% used [0x00000000eb980000,0x00000000eb980000,0x00000000f3980000)
  from space 7168K, 0% used [0x00000000f4080000,0x00000000f4080000,0x00000000f4780000)
  to   space 7168K, 0% used [0x00000000f3980000,0x00000000f3980000,0x00000000f4080000)
 ParOldGen       total 46080K, used 14215K [0x00000000c2c00000, 0x00000000c5900000, 0x00000000eb980000)
  object space 46080K, 30% used [0x00000000c2c00000,0x00000000c39e1f68,0x00000000c5900000)
 Metaspace       used 33434K, capacity 35442K, committed 35496K, reserved 1079296K
  class space    used 4389K, capacity 4741K, committed 4776K, reserved 1048576K
}

